<?xml version="1.0" encoding="UTF-8"?>
<!-- Generated by org.testng.reporters.JUnitReportReporter -->
<testsuite skipped="0" hostname="Enigma" name="Test01_GET" tests="2" failures="0" timestamp="2020-04-29T13:43:53 EDT" time="5.818" errors="0">
  <testcase name="test_02" time="2.137" classname="Test01_GET"/>
  <system-out/>
  <testcase name="test_01" time="3.681" classname="Test01_GET"/>
  <system-out/>
</testsuite> <!-- Test01_GET -->
